Build started 05.06.2019 23:57:11.
     1>Project "C:\Users\hp\Desktop\TOK STUDIOW\nauka\2 semestr\Programowanie 2\Laboratoria\Projekt semestralny\Projekt_semestralny\Projekt_semestralny\Projekt_semestralny.vcxproj" on node 2 (build target(s)).
     1>InitializeBuildStatus:
         Touching "Debug\Projekt_semestralny.unsuccessfulbuild".
       ClCompile:
         C:\Program Files (x86)\Microsoft Visual Studio 10.0\VC\bin\CL.exe /c /ZI /nologo /W3 /WX- /Od /Oy- /D WIN32 /D _DEBUG /D _CONSOLE /D _UNICODE /D UNICODE /Gm /EHsc /RTC1 /MDd /GS /fp:precise /Zc:wchar_t /Zc:forScope /Fo"Debug\\" /Fd"Debug\vc100.pdb" /Gd /TP /analyze- /errorReport:prompt Projekt2010.cpp
         Projekt2010.cpp
     1>c:\users\hp\desktop\tok studiow\nauka\2 semestr\programowanie 2\laboratoria\projekt semestralny\projekt_semestralny\projekt_semestralny\projekt2010.cpp(2): fatal error C1083: Cannot open include file: 'stdafx.h': No such file or directory
     1>Done Building Project "C:\Users\hp\Desktop\TOK STUDIOW\nauka\2 semestr\Programowanie 2\Laboratoria\Projekt semestralny\Projekt_semestralny\Projekt_semestralny\Projekt_semestralny.vcxproj" (build target(s)) -- FAILED.

Build FAILED.

Time Elapsed 00:00:02.91
